2026-01-26 17:22:06,014 - INFO - Nanairo Downloader started
2026-01-26 17:22:06,015 - INFO - Proxy: http://127.0.0.1:7890
2026-01-26 17:22:06,015 - INFO - Threads: 1
2026-01-26 17:22:06,015 - INFO - Output dir: downloaded
2026-01-26 17:22:06,015 - INFO - Total 1 videos to download (ID 5956 - 5956)
2026-01-26 17:22:06,016 - INFO - Processing video: 5956
2026-01-26 17:22:06,523 - INFO - Video title: Karin #6-1 _ 無料エロ動画nanairo
2026-01-26 17:22:06,614 - INFO - Found m3u8 URL: https://nanairo.co/videos/5956/cmaf/sdr/f31b3639-30b8-4333-a346-aa4ced149e83/index.m3u8
2026-01-26 17:22:06,616 - INFO - Running N_m3u8DL-RE for video 5956
2026-01-26 17:22:27,288 - INFO - Download complete: 5956
2026-01-26 17:22:27,289 - INFO - Download finished: Success 1, Failed 0
2026-01-26 17:22:27,289 - INFO - Download task completed
2026-01-26 17:23:19,393 - INFO - Nanairo Downloader started
2026-01-26 17:23:19,393 - INFO - Proxy: http://127.0.0.1:7890
2026-01-26 17:23:19,393 - INFO - Threads: 1
2026-01-26 17:23:19,393 - INFO - Output dir: downloaded
2026-01-26 17:23:19,394 - INFO - Total 1 videos to download (ID 5956 - 5956)
2026-01-26 17:23:19,394 - INFO - Processing video: 5956
2026-01-26 17:23:19,847 - INFO - Video title: Karin #6-1 _ 無料エロ動画nanairo
2026-01-26 17:23:19,962 - INFO - Found m3u8 URL: https://nanairo.co/videos/5956/cmaf/sdr/62841c31-2e41-45be-8760-b511a2dca5c9/index.m3u8
2026-01-26 17:23:19,962 - INFO - Running N_m3u8DL-RE for video 5956
2026-01-26 17:23:46,621 - INFO - Download complete: 5956
2026-01-26 17:23:46,621 - INFO - Download finished: Success 1, Failed 0
2026-01-26 17:23:46,622 - INFO - Download task completed
